<?xml version="1.0" encoding="UTF-8"?>
<!-- Generated by org.testng.reporters.JUnitXMLReporter -->
<testsuite hostname="c2611" name="Nopackage" tests="3" failures="1" timestamp="12 Aug 2015 17:41:22 GMT" time="20.894" errors="0">
  <testcase name="@AfterTest tearDown" time="0.0" classname="ui_tests.Lesson_5.GoogleTest">
    <failure type="org.openqa.selenium.remote.UnreachableBrowserException" message="Error communicating with the remote browser. It may have died.
Build info: version: &amp;apos;2.46.0&amp;apos;, revision: &amp;apos;61506a4624b13675f24581e453592342b7485d71&amp;apos;, time: &amp;apos;2015-06-04 10:22:50&amp;apos;
System info: host: &amp;apos;c2611&amp;apos;, ip: &amp;apos;192.168.18.1&amp;apos;, os.name: &amp;apos;Windows 8&amp;apos;, os.arch: &amp;apos;amd64&amp;apos;, os.version: &amp;apos;6.2&amp;apos;, java.version: &amp;apos;1.8.0_45&amp;apos;
Driver info: driver.version: RemoteWebDriver">
      <![CDATA[org.openqa.selenium.remote.UnreachableBrowserException: Error communicating with the remote browser. It may have died.
Build info: version: '2.46.0', revision: '61506a4624b13675f24581e453592342b7485d71', time: '2015-06-04 10:22:50'
System info: host: 'c2611', ip: '192.168.18.1', os.name: 'Windows 8', os.arch: 'amd64', os.version: '6.2', java.version: '1.8.0_45'
Driver info: driver.version: RemoteWebDriver
	at org.openqa.selenium.remote.RemoteWebDriver.execute(RemoteWebDriver.java:599)
	at org.openqa.selenium.remote.RemoteWebDriver.execute(RemoteWebDriver.java:628)
	at org.openqa.selenium.remote.RemoteWebDriver.quit(RemoteWebDriver.java:474)
	at ui_tests.Lesson_5.GoogleTest.tearDown(GoogleTest.java:47)
Caused by: org.apache.http.conn.HttpHostConnectException: Connect to 127.0.0.1:7056 [/127.0.0.1] failed: Connection refused: connect
	at org.apache.http.impl.conn.DefaultHttpClientConnectionOperator.connect(DefaultHttpClientConnectionOperator.java:151)
	at org.apache.http.impl.conn.PoolingHttpClientConnectionManager.connect(PoolingHttpClientConnectionManager.java:353)
	at org.apache.http.impl.execchain.MainClientExec.establishRoute(MainClientExec.java:380)
	at org.apache.http.impl.execchain.MainClientExec.execute(MainClientExec.java:236)
	at org.apache.http.impl.execchain.ProtocolExec.execute(ProtocolExec.java:184)
	at org.apache.http.impl.execchain.RetryExec.execute(RetryExec.java:88)
	at org.apache.http.impl.execchain.RedirectExec.execute(RedirectExec.java:110)
	at org.apache.http.impl.client.InternalHttpClient.doExecute(InternalHttpClient.java:184)
	at org.apache.http.impl.client.CloseableHttpClient.execute(CloseableHttpClient.java:71)
	at org.apache.http.impl.client.CloseableHttpClient.execute(CloseableHttpClient.java:55)
	at org.openqa.selenium.remote.internal.ApacheHttpClient.fallBackExecute(ApacheHttpClient.java:143)
	at org.openqa.selenium.remote.internal.ApacheHttpClient.execute(ApacheHttpClient.java:89)
	at org.openqa.selenium.remote.HttpCommandExecutor.execute(HttpCommandExecutor.java:134)
	at org.openqa.selenium.firefox.internal.NewProfileExtensionConnection.execute(NewProfileExtensionConnection.java:168)
	at org.openqa.selenium.firefox.FirefoxDriver$LazyCommandExecutor.execute(FirefoxDriver.java:392)
	at org.openqa.selenium.remote.RemoteWebDriver.execute(RemoteWebDriver.java:578)
	... 28 more
Caused by: java.net.ConnectException: Connection refused: connect
	at java.net.DualStackPlainSocketImpl.waitForConnect(Native Method)
	at java.net.DualStackPlainSocketImpl.socketConnect(DualStackPlainSocketImpl.java:85)
	at java.net.AbstractPlainSocketImpl.doConnect(AbstractPlainSocketImpl.java:345)
	at java.net.AbstractPlainSocketImpl.connectToAddress(AbstractPlainSocketImpl.java:206)
	at java.net.AbstractPlainSocketImpl.connect(AbstractPlainSocketImpl.java:188)
	at java.net.PlainSocketImpl.connect(PlainSocketImpl.java:172)
	at java.net.SocksSocketImpl.connect(SocksSocketImpl.java:392)
	at java.net.Socket.connect(Socket.java:589)
	at org.apache.http.conn.socket.PlainConnectionSocketFactory.connectSocket(PlainConnectionSocketFactory.java:74)
	at org.apache.http.impl.conn.DefaultHttpClientConnectionOperator.connect(DefaultHttpClientConnectionOperator.java:134)
	... 43 more
... Removed 25 stack frames]]>
    </failure>
  </testcase> <!-- @AfterTest tearDown -->
  <testcase name="Example" time="0.004" classname="ui_tests.Lesson_2.Test_1"/>
  <testcase name="seleniumSearchTest" time="1.212" classname="ui_tests.Lesson_5.GoogleTest"/>
  <testcase name="stilysSearchTest" time="10.07" classname="ui_tests.HomeTasks.HomeTask_1_Test">
    <failure type="org.openqa.selenium.NoSuchWindowException" message="Window not found. The browser window may have been closed.
Command duration or timeout: 27 milliseconds
Build info: version: &amp;apos;2.46.0&amp;apos;, revision: &amp;apos;61506a4624b13675f24581e453592342b7485d71&amp;apos;, time: &amp;apos;2015-06-04 10:22:50&amp;apos;
System info: host: &amp;apos;c2611&amp;apos;, ip: &amp;apos;192.168.18.1&amp;apos;, os.name: &amp;apos;Windows 8&amp;apos;, os.arch: &amp;apos;amd64&amp;apos;, os.version: &amp;apos;6.2&amp;apos;, java.version: &amp;apos;1.8.0_45&amp;apos;
Driver info: org.openqa.selenium.firefox.FirefoxDriver
Capabilities [{applicationCacheEnabled=true, rotatable=false, handlesAlerts=true, databaseEnabled=true, version=39.0.3, platform=WINDOWS, nativeEvents=false, acceptSslCerts=true, webStorageEnabled=true, locationContextEnabled=true, browserName=firefox, takesScreenshot=true, javascriptEnabled=true, cssSelectorsEnabled=true}]
Session ID: 86c98369-0f1f-42a4-8685-5134259a899e">
      <![CDATA[org.openqa.selenium.NoSuchWindowException: Window not found. The browser window may have been closed.
Command duration or timeout: 27 milliseconds
Build info: version: '2.46.0', revision: '61506a4624b13675f24581e453592342b7485d71', time: '2015-06-04 10:22:50'
System info: host: 'c2611', ip: '192.168.18.1', os.name: 'Windows 8', os.arch: 'amd64', os.version: '6.2', java.version: '1.8.0_45'
Driver info: org.openqa.selenium.firefox.FirefoxDriver
Capabilities [{applicationCacheEnabled=true, rotatable=false, handlesAlerts=true, databaseEnabled=true, version=39.0.3, platform=WINDOWS, nativeEvents=false, acceptSslCerts=true, webStorageEnabled=true, locationContextEnabled=true, browserName=firefox, takesScreenshot=true, javascriptEnabled=true, cssSelectorsEnabled=true}]
Session ID: 86c98369-0f1f-42a4-8685-5134259a899e
	at org.openqa.selenium.remote.ErrorHandler.createThrowable(ErrorHandler.java:204)
	at org.openqa.selenium.remote.ErrorHandler.throwIfResponseFailed(ErrorHandler.java:156)
	at org.openqa.selenium.remote.RemoteWebDriver.execute(RemoteWebDriver.java:605)
	at org.openqa.selenium.firefox.FirefoxDriver.access$100(FirefoxDriver.java:65)
	at org.openqa.selenium.firefox.FirefoxDriver$1$1.implicitlyWait(FirefoxDriver.java:248)
	at ui_tests.HomeTasks.HomeTask_1_Test.stilysSearchTest(HomeTask_1_Test.java:35)
Caused by: org.openqa.selenium.NoSuchWindowException: Window not found. The browser window may have been closed.
Build info: version: '2.46.0', revision: '61506a4624b13675f24581e453592342b7485d71', time: '2015-06-04 10:22:50'
System info: host: 'c2611', ip: '192.168.18.1', os.name: 'Windows 8', os.arch: 'amd64', os.version: '6.2', java.version: '1.8.0_45'
Driver info: driver.version: unknown
	at <anonymous class>.nsCommandProcessor.prototype.execute(file:///C:/Users/selenium/AppData/Local/Temp/anonymous205732753807548209webdriver-profile/extensions/fxdriver@googlecode.com/components/command-processor.js:12350)
	at <anonymous class>.Dispatcher.executeAs/<(file:///C:/Users/selenium/AppData/Local/Temp/anonymous205732753807548209webdriver-profile/extensions/fxdriver@googlecode.com/components/driver-component.js:9089)
	at <anonymous class>.Resource.prototype.handle(file:///C:/Users/selenium/AppData/Local/Temp/anonymous205732753807548209webdriver-profile/extensions/fxdriver@googlecode.com/components/driver-component.js:9236)
	at <anonymous class>.Dispatcher.prototype.dispatch(file:///C:/Users/selenium/AppData/Local/Temp/anonymous205732753807548209webdriver-profile/extensions/fxdriver@googlecode.com/components/driver-component.js:9183)
	at <anonymous class>.WebDriverServer/<.handle(file:///C:/Users/selenium/AppData/Local/Temp/anonymous205732753807548209webdriver-profile/extensions/fxdriver@googlecode.com/components/driver-component.js:12136)
	at <anonymous class>.createHandlerFunc/<(file:///C:/Users/selenium/AppData/Local/Temp/anonymous205732753807548209webdriver-profile/extensions/fxdriver@googlecode.com/components/httpd.js:2054)
	at <anonymous class>.ServerHandler.prototype.handleResponse(file:///C:/Users/selenium/AppData/Local/Temp/anonymous205732753807548209webdriver-profile/extensions/fxdriver@googlecode.com/components/httpd.js:2387)
	at <anonymous class>.Connection.prototype.process(file:///C:/Users/selenium/AppData/Local/Temp/anonymous205732753807548209webdriver-profile/extensions/fxdriver@googlecode.com/components/httpd.js:1223)
	at <anonymous class>.RequestReader.prototype._handleResponse(file:///C:/Users/selenium/AppData/Local/Temp/anonymous205732753807548209webdriver-profile/extensions/fxdriver@googlecode.com/components/httpd.js:1677)
	at <anonymous class>.RequestReader.prototype._processBody(file:///C:/Users/selenium/AppData/Local/Temp/anonymous205732753807548209webdriver-profile/extensions/fxdriver@googlecode.com/components/httpd.js:1525)
	at <anonymous class>.RequestReader.prototype.onInputStreamReady(file:///C:/Users/selenium/AppData/Local/Temp/anonymous205732753807548209webdriver-profile/extensions/fxdriver@googlecode.com/components/httpd.js:1393)
... Removed 31 stack frames]]>
    </failure>
  </testcase> <!-- stilysSearchTest -->
</testsuite> <!-- Nopackage -->
