<?xml version="1.0" encoding="UTF-8"?>
<testng-results skipped="0" failed="0" total="1" passed="1">
  <reporter-output>
  </reporter-output>
  <suite name="Suite1" duration-ms="20" started-at="2015-07-23T05:56:44Z" finished-at="2015-07-23T05:56:44Z">
    <groups>
    </groups>
    <test name="Nopackage" duration-ms="20" started-at="2015-07-23T05:56:44Z" finished-at="2015-07-23T05:56:44Z">
      <class name="Lesson_2.Test_1">
        <test-method status="PASS" signature="Example()[pri:0, instance:Lesson_2.Test_1@7d417077]" name="Example" duration-ms="11" started-at="2015-07-23T08:56:44Z" finished-at="2015-07-23T08:56:44Z">
          <reporter-output>
          </reporter-output>
        </test-method> <!-- Example -->
      </class> <!-- Lesson_2.Test_1 -->
    </test> <!-- Nopackage -->
  </suite> <!-- Suite1 -->
</testng-results>
